<?xml version="1.0" encoding="UTF-8"?>
<testng-results skipped="0" failed="0" total="1" passed="1">
  <reporter-output>
  </reporter-output>
  <suite name="Suite" duration-ms="11331" started-at="2017-10-05T06:16:20Z" finished-at="2017-10-05T06:16:31Z">
    <groups>
    </groups>
    <test name="Random Test" duration-ms="11331" started-at="2017-10-05T06:16:20Z" finished-at="2017-10-05T06:16:31Z">
      <class name="JenkinDemo.Jenkins">
        <test-method status="PASS" signature="testLogin()[pri:0, instance:JenkinDemo.Jenkins@28864e92]" name="testLogin" duration-ms="11285" started-at="2017-10-04T23:16:20Z" finished-at="2017-10-04T23:16:31Z">
          <reporter-output>
          </reporter-output>
        </test-method> <!-- testLogin -->
      </class> <!-- JenkinDemo.Jenkins -->
    </test> <!-- Random Test -->
  </suite> <!-- Suite -->
</testng-results>
